# JRE version: OpenJDK Runtime Environment (11.0.10) (build 11.0.10+0-b96-7249189)
# Java VM: OpenJDK 64-Bit Server VM (11.0.10+0-b96-7249189, mixed mode, tiered, compressed oops, g1 gc, windows-amd64)
Heap:
 garbage-first heap   total 233472K, used 98428K [0x0000000080000000, 0x0000000100000000)
  region size 1024K, 48 young (49152K), 7 survivors (7168K)
 Metaspace       used 75965K, capacity 77694K, committed 77900K, reserved 1116160K
  class space    used 9916K, capacity 10531K, committed 10572K, reserved 1048576K
GC Heap History (20 events):
Event: 1.170 GC heap before
{Heap before GC invocations=1 (full 0):
 garbage-first heap   total 194560K, used 19565K [0x0000000080000000, 0x0000000100000000)
  region size 1024K, 13 young (13312K), 2 survivors (2048K)
 Metaspace       used 10190K, capacity 10421K, committed 10624K, reserved 1058816K
  class space    used 1064K, capacity 1139K, committed 1152K, reserved 1048576K
}
Event: 1.174 GC heap after
{Heap after GC invocations=2 (full 0):
 garbage-first heap   total 194560K, used 9376K [0x0000000080000000, 0x0000000100000000)
  region size 1024K, 2 young (2048K), 2 survivors (2048K)
 Metaspace       used 10190K, capacity 10421K, committed 10624K, reserved 1058816K
  class space    used 1064K, capacity 1139K, committed 1152K, reserved 1048576K
}
Event: 1.750 GC heap before
{Heap before GC invocations=2 (full 0):
 garbage-first heap   total 194560K, used 41120K [0x0000000080000000, 0x0000000100000000)
  region size 1024K, 33 young (33792K), 2 survivors (2048K)
 Metaspace       used 11170K, capacity 11438K, committed 11520K, reserved 1058816K
  class space    used 1166K, capacity 1243K, committed 1280K, reserved 1048576K
}
Event: 1.753 GC heap after
{Heap after GC invocations=3 (full 0):
 garbage-first heap   total 194560K, used 11746K [0x0000000080000000, 0x0000000100000000)
  region size 1024K, 4 young (4096K), 4 survivors (4096K)
 Metaspace       used 11170K, capacity 11438K, committed 11520K, reserved 1058816K
  class space    used 1166K, capacity 1243K, committed 1280K, reserved 1048576K
}
Event: 3.797 GC heap before
{Heap before GC invocations=3 (full 0):
 garbage-first heap   total 194560K, used 74210K [0x0000000080000000, 0x0000000100000000)
  region size 1024K, 66 young (67584K), 4 survivors (4096K)
 Metaspace       used 20540K, capacity 21088K, committed 21248K, reserved 1067008K
  class space    used 2508K, capacity 2690K, committed 2816K, reserved 1048576K
}
Event: 3.809 GC heap after
{Heap after GC invocations=4 (full 0):
 garbage-first heap   total 194560K, used 17086K [0x0000000080000000, 0x0000000100000000)
  region size 1024K, 9 young (9216K), 9 survivors (9216K)
 Metaspace       used 20540K, capacity 21088K, committed 21248K, reserved 1067008K
  class space    used 2508K, capacity 2690K, committed 2816K, reserved 1048576K
}
Event: 5.276 GC heap before
{Heap before GC invocations=5 (full 0):
 garbage-first heap   total 194560K, used 91838K [0x0000000080000000, 0x0000000100000000)
  region size 1024K, 82 young (83968K), 9 survivors (9216K)
 Metaspace       used 27647K, capacity 28364K, committed 28544K, reserved 1073152K
  class space    used 3668K, capacity 3929K, committed 3968K, reserved 1048576K
}
Event: 5.287 GC heap after
{Heap after GC invocations=6 (full 0):
 garbage-first heap   total 194560K, used 19551K [0x0000000080000000, 0x0000000100000000)
  region size 1024K, 8 young (8192K), 8 survivors (8192K)
 Metaspace       used 27647K, capacity 28364K, committed 28544K, reserved 1073152K
  class space    used 3668K, capacity 3929K, committed 3968K, reserved 1048576K
}
Event: 6.298 GC heap before
{Heap before GC invocations=6 (full 0):
 garbage-first heap   total 194560K, used 57439K [0x0000000080000000, 0x0000000100000000)
  region size 1024K, 46 young (47104K), 8 survivors (8192K)
 Metaspace       used 35048K, capacity 35822K, committed 35840K, reserved 1081344K
  class space    used 4547K, capacity 4864K, committed 4864K, reserved 1048576K
}
Event: 6.310 GC heap after
{Heap after GC invocations=7 (full 0):
 garbage-first heap   total 194560K, used 22722K [0x0000000080000000, 0x0000000100000000)
  region size 1024K, 6 young (6144K), 6 survivors (6144K)
 Metaspace       used 35048K, capacity 35822K, committed 35840K, reserved 1081344K
  class space    used 4547K, capacity 4864K, committed 4864K, reserved 1048576K
}
Event: 8.086 GC heap before
{Heap before GC invocations=8 (full 0):
 garbage-first heap   total 194560K, used 117954K [0x0000000080000000, 0x0000000100000000)
  region size 1024K, 96 young (98304K), 6 survivors (6144K)
 Metaspace       used 42736K, capacity 43743K, committed 43980K, reserved 1087488K
  class space    used 5438K, capacity 5786K, committed 5836K, reserved 1048576K
}
Event: 8.104 GC heap after
{Heap after GC invocations=9 (full 0):
 garbage-first heap   total 194560K, used 28433K [0x0000000080000000, 0x0000000100000000)
  region size 1024K, 12 young (12288K), 12 survivors (12288K)
 Metaspace       used 42736K, capacity 43743K, committed 43980K, reserved 1087488K
  class space    used 5438K, capacity 5786K, committed 5836K, reserved 1048576K
}
Event: 11.276 GC heap before
{Heap before GC invocations=9 (full 0):
 garbage-first heap   total 194560K, used 133905K [0x0000000080000000, 0x0000000100000000)
  region size 1024K, 112 young (114688K), 12 survivors (12288K)
 Metaspace       used 49568K, capacity 50868K, committed 51148K, reserved 1093632K
  class space    used 6317K, capacity 6800K, committed 6860K, reserved 1048576K
}
Event: 11.302 GC heap after
{Heap after GC invocations=10 (full 0):
 garbage-first heap   total 194560K, used 41155K [0x0000000080000000, 0x0000000100000000)
  region size 1024K, 14 young (14336K), 14 survivors (14336K)
 Metaspace       used 49568K, capacity 50868K, committed 51148K, reserved 1093632K
  class space    used 6317K, capacity 6800K, committed 6860K, reserved 1048576K
}
Event: 12.807 GC heap before
{Heap before GC invocations=10 (full 0):
 garbage-first heap   total 194560K, used 99523K [0x0000000080000000, 0x0000000100000000)
  region size 1024K, 72 young (73728K), 14 survivors (14336K)
 Metaspace       used 58439K, capacity 59963K, committed 60236K, reserved 1101824K
  class space    used 7414K, capacity 7974K, committed 8012K, reserved 1048576K
}
Event: 12.837 GC heap after
{Heap after GC invocations=11 (full 0):
 garbage-first heap   total 194560K, used 45738K [0x0000000080000000, 0x0000000100000000)
  region size 1024K, 4 young (4096K), 4 survivors (4096K)
 Metaspace       used 58439K, capacity 59963K, committed 60236K, reserved 1101824K
  class space    used 7414K, capacity 7974K, committed 8012K, reserved 1048576K
}
Event: 14.430 GC heap before
{Heap before GC invocations=12 (full 0):
 garbage-first heap   total 194560K, used 128682K [0x0000000080000000, 0x0000000100000000)
  region size 1024K, 85 young (87040K), 4 survivors (4096K)
 Metaspace       used 63578K, capacity 65166K, committed 65356K, reserved 1105920K
  class space    used 8095K, capacity 8689K, committed 8780K, reserved 1048576K
}
Event: 14.451 GC heap after
{Heap after GC invocations=13 (full 0):
 garbage-first heap   total 233472K, used 51866K [0x0000000080000000, 0x0000000100000000)
  region size 1024K, 10 young (10240K), 10 survivors (10240K)
 Metaspace       used 63578K, capacity 65166K, committed 65356K, reserved 1105920K
  class space    used 8095K, capacity 8689K, committed 8780K, reserved 1048576K
}
Event: 16.701 GC heap before
{Heap before GC invocations=14 (full 0):
 garbage-first heap   total 233472K, used 153242K [0x0000000080000000, 0x0000000100000000)
  region size 1024K, 109 young (111616K), 10 survivors (10240K)
 Metaspace       used 70859K, capacity 72557K, committed 72908K, reserved 1112064K
  class space    used 9226K, capacity 9831K, committed 9932K, reserved 1048576K
}
Event: 16.727 GC heap after
{Heap after GC invocations=15 (full 0):
 garbage-first heap   total 233472K, used 58492K [0x0000000080000000, 0x0000000100000000)
  region size 1024K, 7 young (7168K), 7 survivors (7168K)
 Metaspace       used 70859K, capacity 72557K, committed 72908K, reserved 1112064K
  class space    used 9226K, capacity 9831K, committed 9932K, reserved 1048576K
}

